<?xml version="1.0" encoding="UTF-8"?>
<!-- Generated by org.testng.reporters.JUnitReportReporter -->
<testsuite hostname="DESKTOP-1TAUNPC" failures="0" tests="2" name="testing.RestAssuredTest" time="0.020" errors="0" timestamp="2022-07-09T18:30:03 IST" skipped="0">
  <testcase classname="testing.RestAssuredTest" name="SoapUI" time="0.017"/>
  <system-out/>
  <testcase classname="testing.RestAssuredTest" name="TestAPI" time="0.003"/>
  <system-out/>
</testsuite> <!-- testing.RestAssuredTest -->
