<?xml version="1.0" encoding="UTF-8"?>
<!-- Generated by org.testng.reporters.JUnitReportReporter -->
<testsuite hostname="DESKTOP-1TAUNPC" failures="0" tests="2" name="testing.SeleniumTest" time="0.015" errors="0" timestamp="2022-07-09T18:30:03 IST" skipped="0">
  <testcase classname="testing.SeleniumTest" name="Firefox" time="0.009"/>
  <system-out/>
  <testcase classname="testing.SeleniumTest" name="Chrome" time="0.006"/>
  <system-out/>
</testsuite> <!-- testing.SeleniumTest -->
