<?xml version="1.0" encoding="UTF-8"?>
<!-- Generated by org.testng.reporters.JUnitReportReporter -->
<testsuite hostname="DESKTOP-1TAUNPC" failures="0" tests="1" name="testing.Mobile" time="0.012" errors="0" timestamp="2022-07-09T17:09:53 IST" skipped="0">
  <testcase classname="testing.Mobile" name="Android" time="0.012"/>
  <system-out/>
</testsuite> <!-- testing.Mobile -->
