<?xml version="1.0" encoding="UTF-8"?>
<!-- Generated by org.testng.reporters.JUnitReportReporter -->
<testsuite hostname="DESKTOP-1TAUNPC" failures="0" tests="2" name="testing.MobileTest" time="0.004" errors="0" timestamp="2022-07-09T18:30:03 IST" skipped="0">
  <testcase classname="testing.MobileTest" name="IOS" time="0.001"/>
  <system-out/>
  <testcase classname="testing.MobileTest" name="Android" time="0.003"/>
  <system-out/>
</testsuite> <!-- testing.MobileTest -->
