<?xml version="1.0" encoding="UTF-8"?>
<!-- Generated by org.testng.reporters.JUnitReportReporter -->
<testsuite hostname="DESKTOP-1TAUNPC" failures="0" tests="2" name="testing.MobileTest" time="0.002" errors="0" timestamp="9 Jul 2022 13:27:58 GMT">
  <testcase classname="testing.MobileTest" name="IOS" time="0.001"/>
  <testcase classname="testing.MobileTest" name="Android" time="0.001"/>
</testsuite> <!-- testing.MobileTest -->
