<?xml version="1.0" encoding="UTF-8"?>
<!-- Generated by org.testng.reporters.JUnitReportReporter -->
<testsuite hostname="DESKTOP-1TAUNPC" failures="0" tests="2" name="testing.RestAssuredTest" time="0.016" errors="0" timestamp="9 Jul 2022 13:27:58 GMT">
  <testcase classname="testing.RestAssuredTest" name="TestAPI" time="0.001"/>
  <testcase classname="testing.RestAssuredTest" name="SoapUI" time="0.015"/>
</testsuite> <!-- testing.RestAssuredTest -->
